<?xml version="1.0" encoding="UTF-8"?>
<testsuite name="edu.coursera.distributed.FileServerTest" time="20.131" tests="9" errors="0" skipped="0" failures="1">
  <properties>
[...]
</properties>
  <testcase name="testDoublyNestedFileGet" classname="edu.coursera.distributed.FileServerTest" time="0.092"/>
  <testcase name="testMissingFileGet" classname="edu.coursera.distributed.FileServerTest" time="0.004"/>
  <testcase name="testMissingNestedFileGet" classname="edu.coursera.distributed.FileServerTest" time="0"/>
  <testcase name="testNestedFileGet" classname="edu.coursera.distributed.FileServerTest" time="0.004"/>
  <testcase name="testPerformance" classname="edu.coursera.distributed.FileServerTest" time="20.012">
    <failure message="Expected parallel threads to produce at least a 4.8x improvement, but only saw 1.8382642998027614x" type="junit.framework.AssertionFailedError">junit.framework.AssertionFailedError: Expected parallel threads to produce at least a 4.8x improvement, but only saw 1.8382642998027614x
	at junit.framework.Assert.fail(Assert.java:47)
	at junit.framework.Assert.assertTrue(Assert.java:20)
	at edu.coursera.distributed.FileServerTest.testPerformance(FileServerTest.java:327)
</failure>
    <system-err><![CDATA[Testing performance of multi-threaded web server using 8 request threads

Launching server for runPerformanceTest

Launching server for runPerformanceTest
Single-core execution completed 1014
Parallel execution completed 1864, yielding an improvement of 1.8382642998027614x

]]></system-err>
  </testcase>
  <testcase name="testFileGet" classname="edu.coursera.distributed.FileServerTest" time="0.007"/>
  <testcase name="testLargeFileGet" classname="edu.coursera.distributed.FileServerTest" time="0.008"/>
  <testcase name="testTermination" classname="edu.coursera.distributed.FileServerTest" time="0.004"/>
  <testcase name="testFileGets" classname="edu.coursera.distributed.FileServerTest" time="0"/>
</testsuite>